<?xml version="1.0" encoding="UTF-8" ?>
<testsuite errors="2" failures="0" hostname="ITEM-A21250" name="com.simpleprogrammer.proteintracker.tests.TrackingServiceTests" skipped="0" tests="5" time="0.175" timestamp="2016-11-24T15:49:01">
  <properties>
[...]
</properties>
  <testcase classname="com.simpleprogrammer.proteintracker.tests.TrackingServiceTests" name="WhenRemovingProteinTotalRemainsZero" time="0.06">
    <error message="test timed out after 20 milliseconds" type="java.lang.Exception">java.lang.Exception: test timed out after 20 milliseconds
	at com.simpleprogrammer.proteintracker.TrackingService.addProtein(TrackingService.java:15)
	at com.simpleprogrammer.proteintracker.tests.TrackingServiceTests.WhenRemovingProteinTotalRemainsZero(TrackingServiceTests.java:75)
</error>
  </testcase>
  <testcase classname="com.simpleprogrammer.proteintracker.tests.TrackingServiceTests" name="WhenGoalIsSetToLessThanZeroExceptionIsTHrown" time="0.001" />
  <testcase classname="com.simpleprogrammer.proteintracker.tests.TrackingServiceTests" name="NewTrackingServiceTotalIsZero" time="0.001" />
  <testcase classname="com.simpleprogrammer.proteintracker.tests.TrackingServiceTests" name="BadTest" time="0.048">
    <error message="test timed out after 20 milliseconds" type="java.lang.Exception">java.lang.Exception: test timed out after 20 milliseconds
	at com.simpleprogrammer.proteintracker.tests.TrackingServiceTests.BadTest(TrackingServiceTests.java:105)
</error>
  </testcase>
  <testcase classname="com.simpleprogrammer.proteintracker.tests.TrackingServiceTests" name="WhenAddingProteinTotalIncreasesByThatAmount" time="0.012" />
  <system-out><![CDATA[Before class
After class
]]></system-out>
  <system-err><![CDATA[]]></system-err>
</testsuite>
